<?xml version="1.0" encoding="UTF-8"?>
<!-- Generated by org.testng.reporters.JUnitReportReporter -->
<testsuite hostname="DESKTOP-3K8HTDF" name="com.hrms.TestScripts.TC_102" tests="1" failures="0" timestamp="4 May 2020 17:10:46 GMT" time="20.361" errors="0">
  <testcase name="tc002" time="20.361" classname="com.hrms.TestScripts.TC_102"/>
</testsuite> <!-- com.hrms.TestScripts.TC_102 -->
